# JRE version: OpenJDK Runtime Environment (8.0_152-b01) (build 1.8.0_152-release-915-b01)
# Java VM: OpenJDK 64-Bit Server VM (25.152-b01 mixed mode windows-amd64 compressed oops)
Heap:
 PSYoungGen      total 108544K, used 61221K [0x00000000e0000000, 0x00000000ea300000, 0x0000000100000000)
  eden space 98304K, 62% used [0x00000000e0000000,0x00000000e3bc9720,0x00000000e6000000)
  from space 10240K, 0% used [0x00000000e6000000,0x00000000e6000000,0x00000000e6a00000)
  to   space 11264K, 0% used [0x00000000e9800000,0x00000000e9800000,0x00000000ea300000)
 ParOldGen       total 65536K, used 16271K [0x00000000a0000000, 0x00000000a4000000, 0x00000000e0000000)
  object space 65536K, 24% used [0x00000000a0000000,0x00000000a0fe3d90,0x00000000a4000000)
 Metaspace       used 38860K, capacity 39458K, committed 39768K, reserved 1083392K
  class space    used 5191K, capacity 5405K, committed 5504K, reserved 1048576K
GC Heap History (10 events):
Event: 2.127 GC heap before
{Heap before GC invocations=5 (full 1):
 PSYoungGen      total 71680K, used 5097K [0x00000000e0000000, 0x00000000e4b00000, 0x0000000100000000)
  eden space 66560K, 0% used [0x00000000e0000000,0x00000000e0000000,0x00000000e4100000)
  from space 5120K, 99% used [0x00000000e4600000,0x00000000e4afa640,0x00000000e4b00000)
  to   space 5120K, 0% used [0x00000000e4100000,0x00000000e4100000,0x00000000e4600000)
 ParOldGen       total 87552K, used 8676K [0x00000000a0000000, 0x00000000a5580000, 0x00000000e0000000)
  object space 87552K, 9% used [0x00000000a0000000,0x00000000a0879328,0x00000000a5580000)
 Metaspace       used 20703K, capacity 21092K, committed 21248K, reserved 1067008K
  class space    used 2852K, capacity 3017K, committed 3072K, reserved 1048576K
Event: 2.154 GC heap after
Heap after GC invocations=5 (full 1):
 PSYoungGen      total 71680K, used 0K [0x00000000e0000000, 0x00000000e4b00000, 0x0000000100000000)
  eden space 66560K, 0% used [0x00000000e0000000,0x00000000e0000000,0x00000000e4100000)
  from space 5120K, 0% used [0x00000000e4600000,0x00000000e4600000,0x00000000e4b00000)
  to   space 5120K, 0% used [0x00000000e4100000,0x00000000e4100000,0x00000000e4600000)
 ParOldGen       total 65536K, used 8911K [0x00000000a0000000, 0x00000000a4000000, 0x00000000e0000000)
  object space 65536K, 13% used [0x00000000a0000000,0x00000000a08b3d58,0x00000000a4000000)
 Metaspace       used 20703K, capacity 21092K, committed 21248K, reserved 1067008K
  class space    used 2852K, capacity 3017K, committed 3072K, reserved 1048576K
}
Event: 2.703 GC heap before
{Heap before GC invocations=6 (full 1):
 PSYoungGen      total 71680K, used 66560K [0x00000000e0000000, 0x00000000e4b00000, 0x0000000100000000)
  eden space 66560K, 100% used [0x00000000e0000000,0x00000000e4100000,0x00000000e4100000)
  from space 5120K, 0% used [0x00000000e4600000,0x00000000e4600000,0x00000000e4b00000)
  to   space 5120K, 0% used [0x00000000e4100000,0x00000000e4100000,0x00000000e4600000)
 ParOldGen       total 65536K, used 8911K [0x00000000a0000000, 0x00000000a4000000, 0x00000000e0000000)
  object space 65536K, 13% used [0x00000000a0000000,0x00000000a08b3d58,0x00000000a4000000)
 Metaspace       used 25729K, capacity 26190K, committed 26496K, reserved 1073152K
  class space    used 3518K, capacity 3682K, committed 3712K, reserved 1048576K
Event: 2.711 GC heap after
Heap after GC invocations=6 (full 1):
 PSYoungGen      total 71680K, used 5110K [0x00000000e0000000, 0x00000000e7480000, 0x0000000100000000)
  eden space 66560K, 0% used [0x00000000e0000000,0x00000000e0000000,0x00000000e4100000)
  from space 5120K, 99% used [0x00000000e4100000,0x00000000e45fda00,0x00000000e4600000)
  to   space 10240K, 0% used [0x00000000e6a80000,0x00000000e6a80000,0x00000000e7480000)
 ParOldGen       total 65536K, used 11038K [0x00000000a0000000, 0x00000000a4000000, 0x00000000e0000000)
  object space 65536K, 16% used [0x00000000a0000000,0x00000000a0ac7b68,0x00000000a4000000)
 Metaspace       used 25729K, capacity 26190K, committed 26496K, reserved 1073152K
  class space    used 3518K, capacity 3682K, committed 3712K, reserved 1048576K
}
Event: 3.353 GC heap before
{Heap before GC invocations=7 (full 1):
 PSYoungGen      total 71680K, used 71670K [0x00000000e0000000, 0x00000000e7480000, 0x0000000100000000)
  eden space 66560K, 100% used [0x00000000e0000000,0x00000000e4100000,0x00000000e4100000)
  from space 5120K, 99% used [0x00000000e4100000,0x00000000e45fda00,0x00000000e4600000)
  to   space 10240K, 0% used [0x00000000e6a80000,0x00000000e6a80000,0x00000000e7480000)
 ParOldGen       total 65536K, used 11038K [0x00000000a0000000, 0x00000000a4000000, 0x00000000e0000000)
  object space 65536K, 16% used [0x00000000a0000000,0x00000000a0ac7b68,0x00000000a4000000)
 Metaspace       used 29930K, capacity 30406K, committed 30720K, reserved 1075200K
  class space    used 4069K, capacity 4234K, committed 4352K, reserved 1048576K
Event: 3.360 GC heap after
Heap after GC invocations=7 (full 1):
 PSYoungGen      total 108032K, used 7843K [0x00000000e0000000, 0x00000000e7400000, 0x0000000100000000)
  eden space 98304K, 0% used [0x00000000e0000000,0x00000000e0000000,0x00000000e6000000)
  from space 9728K, 80% used [0x00000000e6a80000,0x00000000e7228da0,0x00000000e7400000)
  to   space 10240K, 0% used [0x00000000e6000000,0x00000000e6000000,0x00000000e6a00000)
 ParOldGen       total 65536K, used 11046K [0x00000000a0000000, 0x00000000a4000000, 0x00000000e0000000)
  object space 65536K, 16% used [0x00000000a0000000,0x00000000a0ac9b68,0x00000000a4000000)
 Metaspace       used 29930K, capacity 30406K, committed 30720K, reserved 1075200K
  class space    used 4069K, capacity 4234K, committed 4352K, reserved 1048576K
}
Event: 3.997 GC heap before
{Heap before GC invocations=8 (full 1):
 PSYoungGen      total 108032K, used 66832K [0x00000000e0000000, 0x00000000e7400000, 0x0000000100000000)
  eden space 98304K, 60% used [0x00000000e0000000,0x00000000e399b4a0,0x00000000e6000000)
  from space 9728K, 80% used [0x00000000e6a80000,0x00000000e7228da0,0x00000000e7400000)
  to   space 10240K, 0% used [0x00000000e6000000,0x00000000e6000000,0x00000000e6a00000)
 ParOldGen       total 65536K, used 11046K [0x00000000a0000000, 0x00000000a4000000, 0x00000000e0000000)
  object space 65536K, 16% used [0x00000000a0000000,0x00000000a0ac9b68,0x00000000a4000000)
 Metaspace       used 34706K, capacity 35220K, committed 35416K, reserved 1079296K
  class space    used 4698K, capacity 4910K, committed 4992K, reserved 1048576K
Event: 4.004 GC heap after
Heap after GC invocations=8 (full 1):
 PSYoungGen      total 108544K, used 10051K [0x00000000e0000000, 0x00000000ea300000, 0x0000000100000000)
  eden space 98304K, 0% used [0x00000000e0000000,0x00000000e0000000,0x00000000e6000000)
  from space 10240K, 98% used [0x00000000e6000000,0x00000000e69d0de8,0x00000000e6a00000)
  to   space 11264K, 0% used [0x00000000e9800000,0x00000000e9800000,0x00000000ea300000)
 ParOldGen       total 65536K, used 11118K [0x00000000a0000000, 0x00000000a4000000, 0x00000000e0000000)
  object space 65536K, 16% used [0x00000000a0000000,0x00000000a0adbb78,0x00000000a4000000)
 Metaspace       used 34706K, capacity 35220K, committed 35416K, reserved 1079296K
  class space    used 4698K, capacity 4910K, committed 4992K, reserved 1048576K
}
Event: 4.004 GC heap before
{Heap before GC invocations=9 (full 2):
 PSYoungGen      total 108544K, used 10051K [0x00000000e0000000, 0x00000000ea300000, 0x0000000100000000)
  eden space 98304K, 0% used [0x00000000e0000000,0x00000000e0000000,0x00000000e6000000)
  from space 10240K, 98% used [0x00000000e6000000,0x00000000e69d0de8,0x00000000e6a00000)
  to   space 11264K, 0% used [0x00000000e9800000,0x00000000e9800000,0x00000000ea300000)
 ParOldGen       total 65536K, used 11118K [0x00000000a0000000, 0x00000000a4000000, 0x00000000e0000000)
  object space 65536K, 16% used [0x00000000a0000000,0x00000000a0adbb78,0x00000000a4000000)
 Metaspace       used 34706K, capacity 35220K, committed 35416K, reserved 1079296K
  class space    used 4698K, capacity 4910K, committed 4992K, reserved 1048576K
Event: 4.054 GC heap after
Heap after GC invocations=9 (full 2):
 PSYoungGen      total 108544K, used 0K [0x00000000e0000000, 0x00000000ea300000, 0x0000000100000000)
  eden space 98304K, 0% used [0x00000000e0000000,0x00000000e0000000,0x00000000e6000000)
  from space 10240K, 0% used [0x00000000e6000000,0x00000000e6000000,0x00000000e6a00000)
  to   space 11264K, 0% used [0x00000000e9800000,0x00000000e9800000,0x00000000ea300000)
 ParOldGen       total 65536K, used 16271K [0x00000000a0000000, 0x00000000a4000000, 0x00000000e0000000)
  object space 65536K, 24% used [0x00000000a0000000,0x00000000a0fe3d90,0x00000000a4000000)
 Metaspace       used 34706K, capacity 35220K, committed 35416K, reserved 1079296K
  class space    used 4698K, capacity 4910K, committed 4992K, reserved 1048576K
}

