# JRE version: OpenJDK Runtime Environment (8.0_152-b01) (build 1.8.0_152-release-915-b01)
# Java VM: OpenJDK 64-Bit Server VM (25.152-b01 mixed mode windows-amd64 compressed oops)
Heap:
 PSYoungGen      total 159232K, used 126636K [0x00000000e0000000, 0x00000000ed800000, 0x0000000100000000)
  eden space 130048K, 78% used [0x00000000e0000000,0x00000000e6379080,0x00000000e7f00000)
  from space 29184K, 84% used [0x00000000e7f00000,0x00000000e9732170,0x00000000e9b80000)
  to   space 31232K, 0% used [0x00000000eb980000,0x00000000eb980000,0x00000000ed800000)
 ParOldGen       total 166400K, used 43145K [0x00000000a0000000, 0x00000000aa280000, 0x00000000e0000000)
  object space 166400K, 25% used [0x00000000a0000000,0x00000000a2a22668,0x00000000aa280000)
 Metaspace       used 82304K, capacity 86770K, committed 87000K, reserved 1124352K
  class space    used 10450K, capacity 11476K, committed 11520K, reserved 1048576K
GC Heap History (10 events):
Event: 12982.674 GC heap before
{Heap before GC invocations=24 (full 3):
 PSYoungGen      total 157184K, used 152320K [0x00000000e0000000, 0x00000000eb700000, 0x0000000100000000)
  eden space 142336K, 100% used [0x00000000e0000000,0x00000000e8b00000,0x00000000e8b00000)
  from space 14848K, 67% used [0x00000000ea880000,0x00000000eb240060,0x00000000eb700000)
  to   space 22528K, 0% used [0x00000000e8b00000,0x00000000e8b00000,0x00000000ea100000)
 ParOldGen       total 166400K, used 43097K [0x00000000a0000000, 0x00000000aa280000, 0x00000000e0000000)
  object space 166400K, 25% used [0x00000000a0000000,0x00000000a2a16668,0x00000000aa280000)
 Metaspace       used 71405K, capacity 75244K, committed 75480K, reserved 1114112K
  class space    used 9245K, capacity 10140K, committed 10240K, reserved 1048576K
Event: 12982.683 GC heap after
Heap after GC invocations=24 (full 3):
 PSYoungGen      total 153088K, used 13851K [0x00000000e0000000, 0x00000000eb380000, 0x0000000100000000)
  eden space 138752K, 0% used [0x00000000e0000000,0x00000000e0000000,0x00000000e8780000)
  from space 14336K, 96% used [0x00000000e8b00000,0x00000000e9886ff8,0x00000000e9900000)
  to   space 22528K, 0% used [0x00000000e9d80000,0x00000000e9d80000,0x00000000eb380000)
 ParOldGen       total 166400K, used 43105K [0x00000000a0000000, 0x00000000aa280000, 0x00000000e0000000)
  object space 166400K, 25% used [0x00000000a0000000,0x00000000a2a18668,0x00000000aa280000)
 Metaspace       used 71405K, capacity 75244K, committed 75480K, reserved 1114112K
  class space    used 9245K, capacity 10140K, committed 10240K, reserved 1048576K
}
Event: 12985.204 GC heap before
{Heap before GC invocations=25 (full 3):
 PSYoungGen      total 153088K, used 152603K [0x00000000e0000000, 0x00000000eb380000, 0x0000000100000000)
  eden space 138752K, 100% used [0x00000000e0000000,0x00000000e8780000,0x00000000e8780000)
  from space 14336K, 96% used [0x00000000e8b00000,0x00000000e9886ff8,0x00000000e9900000)
  to   space 22528K, 0% used [0x00000000e9d80000,0x00000000e9d80000,0x00000000eb380000)
 ParOldGen       total 166400K, used 43105K [0x00000000a0000000, 0x00000000aa280000, 0x00000000e0000000)
  object space 166400K, 25% used [0x00000000a0000000,0x00000000a2a18668,0x00000000aa280000)
 Metaspace       used 77124K, capacity 81076K, committed 81240K, reserved 1120256K
  class space    used 9879K, capacity 10824K, committed 10880K, reserved 1048576K
Event: 12985.219 GC heap after
Heap after GC invocations=25 (full 3):
 PSYoungGen      total 157696K, used 21847K [0x00000000e0000000, 0x00000000eb500000, 0x0000000100000000)
  eden space 135168K, 0% used [0x00000000e0000000,0x00000000e0000000,0x00000000e8400000)
  from space 22528K, 96% used [0x00000000e9d80000,0x00000000eb2d5ca8,0x00000000eb380000)
  to   space 25088K, 0% used [0x00000000e8400000,0x00000000e8400000,0x00000000e9c80000)
 ParOldGen       total 166400K, used 43121K [0x00000000a0000000, 0x00000000aa280000, 0x00000000e0000000)
  object space 166400K, 25% used [0x00000000a0000000,0x00000000a2a1c668,0x00000000aa280000)
 Metaspace       used 77124K, capacity 81076K, committed 81240K, reserved 1120256K
  class space    used 9879K, capacity 10824K, committed 10880K, reserved 1048576K
}
Event: 12986.161 GC heap before
{Heap before GC invocations=26 (full 3):
 PSYoungGen      total 157696K, used 156458K [0x00000000e0000000, 0x00000000eb500000, 0x0000000100000000)
  eden space 135168K, 99% used [0x00000000e0000000,0x00000000e8374d50,0x00000000e8400000)
  from space 22528K, 96% used [0x00000000e9d80000,0x00000000eb2d5ca8,0x00000000eb380000)
  to   space 25088K, 0% used [0x00000000e8400000,0x00000000e8400000,0x00000000e9c80000)
 ParOldGen       total 166400K, used 43121K [0x00000000a0000000, 0x00000000aa280000, 0x00000000e0000000)
  object space 166400K, 25% used [0x00000000a0000000,0x00000000a2a1c668,0x00000000aa280000)
 Metaspace       used 77963K, capacity 82042K, committed 82136K, reserved 1120256K
  class space    used 10012K, capacity 10989K, committed 11008K, reserved 1048576K
Event: 12986.174 GC heap after
Heap after GC invocations=26 (full 3):
 PSYoungGen      total 155648K, used 23552K [0x00000000e0000000, 0x00000000eb680000, 0x0000000100000000)
  eden space 131584K, 0% used [0x00000000e0000000,0x00000000e0000000,0x00000000e8080000)
  from space 24064K, 97% used [0x00000000e8400000,0x00000000e9b00338,0x00000000e9b80000)
  to   space 27648K, 0% used [0x00000000e9b80000,0x00000000e9b80000,0x00000000eb680000)
 ParOldGen       total 166400K, used 43129K [0x00000000a0000000, 0x00000000aa280000, 0x00000000e0000000)
  object space 166400K, 25% used [0x00000000a0000000,0x00000000a2a1e668,0x00000000aa280000)
 Metaspace       used 77963K, capacity 82042K, committed 82136K, reserved 1120256K
  class space    used 10012K, capacity 10989K, committed 11008K, reserved 1048576K
}
Event: 12986.186 GC heap before
{Heap before GC invocations=27 (full 3):
 PSYoungGen      total 155648K, used 154573K [0x00000000e0000000, 0x00000000eb680000, 0x0000000100000000)
  eden space 131584K, 99% used [0x00000000e0000000,0x00000000e7ff3310,0x00000000e8080000)
  from space 24064K, 97% used [0x00000000e8400000,0x00000000e9b00338,0x00000000e9b80000)
  to   space 27648K, 0% used [0x00000000e9b80000,0x00000000e9b80000,0x00000000eb680000)
 ParOldGen       total 166400K, used 43129K [0x00000000a0000000, 0x00000000aa280000, 0x00000000e0000000)
  object space 166400K, 25% used [0x00000000a0000000,0x00000000a2a1e668,0x00000000aa280000)
 Metaspace       used 77966K, capacity 82042K, committed 82136K, reserved 1120256K
  class space    used 10012K, capacity 10989K, committed 11008K, reserved 1048576K
Event: 12986.196 GC heap after
Heap after GC invocations=27 (full 3):
 PSYoungGen      total 157696K, used 22156K [0x00000000e0000000, 0x00000000ee180000, 0x0000000100000000)
  eden space 130048K, 0% used [0x00000000e0000000,0x00000000e0000000,0x00000000e7f00000)
  from space 27648K, 80% used [0x00000000e9b80000,0x00000000eb123150,0x00000000eb680000)
  to   space 29184K, 0% used [0x00000000e7f00000,0x00000000e7f00000,0x00000000e9b80000)
 ParOldGen       total 166400K, used 43137K [0x00000000a0000000, 0x00000000aa280000, 0x00000000e0000000)
  object space 166400K, 25% used [0x00000000a0000000,0x00000000a2a20668,0x00000000aa280000)
 Metaspace       used 77966K, capacity 82042K, committed 82136K, reserved 1120256K
  class space    used 10012K, capacity 10989K, committed 11008K, reserved 1048576K
}
Event: 12988.875 GC heap before
{Heap before GC invocations=28 (full 3):
 PSYoungGen      total 157696K, used 152204K [0x00000000e0000000, 0x00000000ee180000, 0x0000000100000000)
  eden space 130048K, 100% used [0x00000000e0000000,0x00000000e7f00000,0x00000000e7f00000)
  from space 27648K, 80% used [0x00000000e9b80000,0x00000000eb123150,0x00000000eb680000)
  to   space 29184K, 0% used [0x00000000e7f00000,0x00000000e7f00000,0x00000000e9b80000)
 ParOldGen       total 166400K, used 43137K [0x00000000a0000000, 0x00000000aa280000, 0x00000000e0000000)
  object space 166400K, 25% used [0x00000000a0000000,0x00000000a2a20668,0x00000000aa280000)
 Metaspace       used 79372K, capacity 83702K, committed 83928K, reserved 1122304K
  class space    used 10191K, capacity 11206K, committed 11264K, reserved 1048576K
Event: 12988.887 GC heap after
Heap after GC invocations=28 (full 3):
 PSYoungGen      total 159232K, used 24776K [0x00000000e0000000, 0x00000000ed800000, 0x0000000100000000)
  eden space 130048K, 0% used [0x00000000e0000000,0x00000000e0000000,0x00000000e7f00000)
  from space 29184K, 84% used [0x00000000e7f00000,0x00000000e9732170,0x00000000e9b80000)
  to   space 31232K, 0% used [0x00000000eb980000,0x00000000eb980000,0x00000000ed800000)
 ParOldGen       total 166400K, used 43145K [0x00000000a0000000, 0x00000000aa280000, 0x00000000e0000000)
  object space 166400K, 25% used [0x00000000a0000000,0x00000000a2a22668,0x00000000aa280000)
 Metaspace       used 79372K, capacity 83702K, committed 83928K, reserved 1122304K
  class space    used 10191K, capacity 11206K, committed 11264K, reserved 1048576K
}

